============================================================
 LOGIC GUARD ELITE: AGENTIC REASONING ENGINE
============================================================
[*] Analyzing Memory Image: base-wkstn-01-mem.img...
[+] Found API Endpoint in Memory: https://cdpcs.microsoft.com/api/v1
[+] Found API Endpoint in Memory: https://register.cdpcs.microsoft.com/api/v1
[+] Found API Endpoint in Memory: https://www.bingapis.com/api/v7/urlpreview/search
[+] Found API Endpoint in Memory: http://appmap.trafficmanager.net/api/v1/parse
[+] Found API Endpoint in Memory: https://outlook.office365.com/api/v1.0/me/Activities
[+] Found API Endpoint in Memory: https://www.bing.com/api/v4/spelling/proof
[+] Found API Endpoint in Memory: https://urlappmapping.sfp.microsoft.com/api/v1.0/urlappmappings/lookup
[+] Found API Endpoint in Memory: https://loki.delve.office.com/api/v1/configuration/officewin32/
[*] Checking for exposed environment files at https://cdpcs.microsoft.com/api/v1...
[-] .env - 404 Not Found
[-] config.php - 404 Not Found
[*] Attempting Logic Audit (Try 1)...
[!] SELF-CORRECTION: Detected missing token. Reasoning: Attempting guest bypass...
[*] Attempting Logic Audit (Try 2)...
[*] Auditing Business Logic for User ID: 100
[*] Testing IDOR on resource /101...
============================================================
 LOGIC GUARD ELITE: AGENTIC REASONING ENGINE
============================================================

[ANALYSIS] Reasoning: No target provided, but memory dump detected. Analyzing RAM for traces of Evil...
[*] Analyzing Memory Image: base-wkstn-02-memory.img...
[+] Found API Endpoint in Memory: https://urlappmapping.sfp.microsoft.com/api/v1.0/urlappmappings/lookup
[+] Found API Endpoint in Memory: http://appmap.trafficmanager.net/api/v1/parse
[+] Found API Endpoint in Memory: https://input.mozilla.org/api/v1/feedback
[+] Found API Endpoint in Memory: https://cdpcs.microsoft.com/api/v1
[+] Found API Endpoint in Memory: https://register.cdpcs.microsoft.com/api/v1
[+] Found API Endpoint in Memory: https://www.bing.com/api/v2/local/search
[+] Found API Endpoint in Memory: https://www.bing.com/api/v2/local/
[REASONING] SELF-CORRECTION: Successfully discovered API URL in memory: https://urlappmapping.sfp.microsoft.com/api/v1.0/urlappmappings/lookup

[ANALYSIS] Reasoning: Initializing Passive Discovery Phase...
[*] Checking for exposed environment files at https://urlappmapping.sfp.microsoft.com/api/v1.0/urlappmappings/lookup...
[-] .env - 404 Not Found
[-] config.php - 404 Not Found

[REASONING] Reasoning: Analyzing Access Control for IDOR/Bypass...
[*] Attempting Logic Audit (Try 1)...
[!] SELF-CORRECTION: Detected missing token. Reasoning: Attempting guest bypass...
[*] Attempting Logic Audit (Try 2)...
[*] Auditing Business Logic for User ID: 100
[*] Testing IDOR on resource /101...
============================================================
 LOGIC GUARD ELITE: AGENTIC REASONING ENGINE
============================================================

[ANALYSIS] Reasoning: No target provided, but memory dump detected. Analyzing RAM for traces of Evil...
[*] Analyzing Memory Image: base-admin-memory.img...
[+] Found API Endpoint in Memory: http://appmap.trafficmanager.net/api/v1/parse
[+] Found API Endpoint in Memory: https://cdpcs.microsoft.com/api/v1
[+] Found API Endpoint in Memory: https://register.cdpcs.microsoft.com/api/v1
[+] Found API Endpoint in Memory: https://urlappmapping.sfp.microsoft.com/api/v1.0/urlappmappings/lookup
[+] Found API Endpoint in Memory: https://www.bing.com/api/v2/local/search
[+] Found API Endpoint in Memory: https://www.bing.com/api/v2/local/
[+] Found API Endpoint in Memory: https://dynmsg.modpim.com/api/v1/messaging/client/message
[REASONING] SELF-CORRECTION: Successfully discovered API URL in memory: http://appmap.trafficmanager.net/api/v1/parse

[ANALYSIS] Reasoning: Initializing Passive Discovery Phase...
[*] Checking for exposed environment files at http://appmap.trafficmanager.net/api/v1/parse...
[-] .env - 404 Not Found
[-] config.php - 404 Not Found

[REASONING] Reasoning: Analyzing Access Control for IDOR/Bypass...
[*] Attempting Logic Audit (Try 1)...
[!] SELF-CORRECTION: Detected missing token. Reasoning: Attempting guest bypass...
[*] Attempting Logic Audit (Try 2)...
[*] Auditing Business Logic for User ID: 100
[*] Testing IDOR on resource /101...
[X] Critical System Failure: 'charmap' codec can't encode character '\U0001f4dc' in position 0: character maps to <undefined>
============================================================
 LOGIC GUARD ELITE: AGENTIC REASONING ENGINE
============================================================

[ANALYSIS] Reasoning: No target provided, but memory dump detected. Analyzing RAM for traces of Evil...
[*] Analyzing Memory Image: base-admin-memory.img...
[+] Found API Endpoint in Memory: http://appmap.trafficmanager.net/api/v1/parse
[+] Found API Endpoint in Memory: https://cdpcs.microsoft.com/api/v1
[+] Found API Endpoint in Memory: https://register.cdpcs.microsoft.com/api/v1
[+] Found API Endpoint in Memory: https://urlappmapping.sfp.microsoft.com/api/v1.0/urlappmappings/lookup
[+] Found API Endpoint in Memory: https://www.bing.com/api/v2/local/search
[+] Found API Endpoint in Memory: https://www.bing.com/api/v2/local/
[+] Found API Endpoint in Memory: https://dynmsg.modpim.com/api/v1/messaging/client/message
[REASONING] SELF-CORRECTION: Successfully discovered API URL in memory: http://appmap.trafficmanager.net/api/v1/parse

[ANALYSIS] Reasoning: Initializing Passive Discovery Phase...
[*] Checking for exposed environment files at http://appmap.trafficmanager.net/api/v1/parse...
[-] .env - 404 Not Found
[-] config.php - 404 Not Found

[REASONING] Reasoning: Analyzing Access Control for IDOR/Bypass...
[*] Attempting Logic Audit (Try 1)...
[!] SELF-CORRECTION: Detected missing token. Reasoning: Attempting guest bypass...
[*] Attempting Logic Audit (Try 2)...
[*] Auditing Business Logic for User ID: 100
[*] Testing IDOR on resource /101...
============================================================
 LOGIC GUARD ELITE: AGENTIC REASONING ENGINE
============================================================

[ANALYSIS] Reasoning: No target provided, but memory dump detected. Analyzing RAM for traces of Evil...
[*] Analyzing Memory Image: base-admin-memory.img...
[+] Found API Endpoint in Memory: http://appmap.trafficmanager.net/api/v1/parse
[+] Found API Endpoint in Memory: https://cdpcs.microsoft.com/api/v1
[+] Found API Endpoint in Memory: https://register.cdpcs.microsoft.com/api/v1
[+] Found API Endpoint in Memory: https://urlappmapping.sfp.microsoft.com/api/v1.0/urlappmappings/lookup
[+] Found API Endpoint in Memory: https://www.bing.com/api/v2/local/search
[+] Found API Endpoint in Memory: https://www.bing.com/api/v2/local/
[+] Found API Endpoint in Memory: https://dynmsg.modpim.com/api/v1/messaging/client/message
[REASONING] SELF-CORRECTION: Successfully discovered API URL in memory: http://appmap.trafficmanager.net/api/v1/parse

[ANALYSIS] Reasoning: Initializing Passive Discovery Phase...
[*] Checking for exposed environment files at http://appmap.trafficmanager.net/api/v1/parse...
[-] .env - 404 Not Found
[-] config.php - 404 Not Found

[REASONING] Reasoning: Analyzing Access Control for IDOR/Bypass...
[*] Attempting Logic Audit (Try 1)...
[!] SELF-CORRECTION: Detected missing token. Reasoning: Attempting guest bypass...
[*] Attempting Logic Audit (Try 2)...
[*] Auditing Business Logic for User ID: 100
[*] Testing IDOR on resource /101...
============================================================
 LOGIC GUARD ELITE: AGENTIC REASONING ENGINE
============================================================
[*] Starting Discovery Scan on https://forms.crowncoinscasino.com...

[ANALYSIS] Reasoning: Initializing Passive Discovery Phase...
[*] Checking for exposed environment files at https://forms.crowncoinscasino.com...
[-] .env - 404 Not Found
[-] config.php - 404 Not Found

[REASONING] Reasoning: Analyzing Access Control for IDOR/Bypass...
[*] Attempting Logic Audit (Try 1)...
[!] SELF-CORRECTION: Detected missing token. Reasoning: Attempting guest bypass...
[*] Attempting Logic Audit (Try 2)...
[*] Auditing Business Logic for User ID: 100
[*] Testing IDOR on resource /101...
[*] Starting Stress Audit on https://forms.crowncoinscasino.com...
[!] Stealth mode enabled: Reducing concurrency.
[+] Stress Audit Complete: 10 requests processed.
============================================================
 LOGIC GUARD ELITE: AGENTIC REASONING ENGINE
============================================================
[*] Starting Discovery Scan on https://crowncoinscasino.com...
[!] FORBIDDEN: https://crowncoinscasino.com/.env (403) - Potential protected asset.
[+] DISCOVERED: https://crowncoinscasino.com/config.php (200 OK)
[+] DISCOVERED: https://crowncoinscasino.com/api/v1/health (200 OK)
[+] DISCOVERED: https://crowncoinscasino.com/swagger.json (200 OK)
[!] FORBIDDEN: https://crowncoinscasino.com/.git/config (403) - Potential protected asset.
[+] DISCOVERED: https://crowncoinscasino.com/actuator/env (200 OK)

[ANALYSIS] Reasoning: Initializing Passive Discovery Phase...
[*] Checking for exposed environment files at https://crowncoinscasino.com...
[-] .env - 404 Not Found
[-] config.php - 404 Not Found

[REASONING] Reasoning: Analyzing Access Control for IDOR/Bypass...
[*] Attempting Logic Audit (Try 1)...
[!] SELF-CORRECTION: Detected missing token. Reasoning: Attempting guest bypass...
[*] Attempting Logic Audit (Try 2)...
[*] Auditing Business Logic for User ID: 100
[*] Testing IDOR on resource /101...
[*] Starting Stress Audit on https://crowncoinscasino.com...
[!] Stealth mode enabled: Reducing concurrency.
[+] Stress Audit Complete: 10 requests processed.
============================================================
 LOGIC GUARD ELITE: AGENTIC REASONING ENGINE
============================================================
[*] Starting Discovery Scan on https://spinredeem.com...

[ANALYSIS] Reasoning: Initializing Passive Discovery Phase...
[*] Checking for exposed environment files at https://spinredeem.com...
[-] .env - 404 Not Found
[-] config.php - 404 Not Found

[REASONING] Reasoning: Analyzing Access Control for IDOR/Bypass...
[*] Attempting Logic Audit (Try 1)...
[!] SELF-CORRECTION: Detected missing token. Reasoning: Attempting guest bypass...
[*] Attempting Logic Audit (Try 2)...
[*] Auditing Business Logic for User ID: 100
[*] Testing IDOR on resource /101...
[*] Starting Stress Audit on https://spinredeem.com...
[!] Stealth mode enabled: Reducing concurrency.
[+] Stress Audit Complete: 10 requests processed.
============================================================
 LOGIC GUARD ELITE: AGENTIC REASONING ENGINE
============================================================
[*] Starting Discovery Scan on https://chanced.com.com...
[!] FORBIDDEN: https://chanced.com.com/.env (403) - Potential protected asset.
[!] FORBIDDEN: https://chanced.com.com/config.php (403) - Potential protected asset.
[!] FORBIDDEN: https://chanced.com.com/api/v1/health (403) - Potential protected asset.
[!] FORBIDDEN: https://chanced.com.com/swagger.json (403) - Potential protected asset.
[!] FORBIDDEN: https://chanced.com.com/.git/config (403) - Potential protected asset.
[!] FORBIDDEN: https://chanced.com.com/actuator/env (403) - Potential protected asset.

[ANALYSIS] Reasoning: Initializing Passive Discovery Phase...
[*] Checking for exposed environment files at https://chanced.com.com...
[-] .env - 404 Not Found
[-] config.php - 404 Not Found

[REASONING] Reasoning: Analyzing Access Control for IDOR/Bypass...
[*] Attempting Logic Audit (Try 1)...
[!] SELF-CORRECTION: Detected missing token. Reasoning: Attempting guest bypass...
[*] Attempting Logic Audit (Try 2)...
[*] Auditing Business Logic for User ID: 100
[*] Testing IDOR on resource /101...
[*] Starting Stress Audit on https://chanced.com.com...
[!] Stealth mode enabled: Reducing concurrency.
[+] Stress Audit Complete: 10 requests processed.
============================================================
 LOGIC GUARD ELITE: AGENTIC REASONING ENGINE
============================================================
[*] Starting Discovery Scan on https://chanced.com...
[!] FORBIDDEN: https://chanced.com/.env (403) - Potential protected asset.
[!] FORBIDDEN: https://chanced.com/config.php (403) - Potential protected asset.
[!] FORBIDDEN: https://chanced.com/api/v1/health (403) - Potential protected asset.
[!] FORBIDDEN: https://chanced.com/swagger.json (403) - Potential protected asset.
[!] FORBIDDEN: https://chanced.com/.git/config (403) - Potential protected asset.
[!] FORBIDDEN: https://chanced.com/actuator/env (403) - Potential protected asset.

[ANALYSIS] Reasoning: Initializing Passive Discovery Phase...
[*] Checking for exposed environment files at https://chanced.com...
[-] .env - 404 Not Found
[-] config.php - 404 Not Found

[REASONING] Reasoning: Analyzing Access Control for IDOR/Bypass...
[*] Attempting Logic Audit (Try 1)...
[!] SELF-CORRECTION: Detected missing token. Reasoning: Attempting guest bypass...
[*] Attempting Logic Audit (Try 2)...
[*] Auditing Business Logic for User ID: 100
[*] Testing IDOR on resource /101...
[*] Starting Stress Audit on https://chanced.com...
[!] Stealth mode enabled: Reducing concurrency.
[+] Stress Audit Complete: 10 requests processed.
============================================================
 LOGIC GUARD ELITE: AGENTIC REASONING ENGINE
============================================================
[*] Starting Discovery Scan on https://lucky.me...
[+] DISCOVERED: https://lucky.me/.env (200 OK)
[+] DISCOVERED: https://lucky.me/config.php (200 OK)
[+] DISCOVERED: https://lucky.me/swagger.json (200 OK)
[+] DISCOVERED: https://lucky.me/.git/config (200 OK)
[+] DISCOVERED: https://lucky.me/actuator/env (200 OK)

[ANALYSIS] Reasoning: Initializing Passive Discovery Phase...
[*] Checking for exposed environment files at https://lucky.me...
[-] .env - 404 Not Found
[-] config.php - 404 Not Found

[REASONING] Reasoning: Analyzing Access Control for IDOR/Bypass...
[*] Attempting Logic Audit (Try 1)...
[!] SELF-CORRECTION: Detected missing token. Reasoning: Attempting guest bypass...
[*] Attempting Logic Audit (Try 2)...
[*] Auditing Business Logic for User ID: 100
[*] Testing IDOR on resource /101...
[*] Starting Stress Audit on https://lucky.me...
[!] Stealth mode enabled: Reducing concurrency.
[+] Stress Audit Complete: 10 requests processed.
============================================================
 LOGIC GUARD ELITE: AGENTIC REASONING ENGINE
============================================================

[ANALYSIS] Reasoning: No target provided, but memory dump detected. Analyzing RAM for traces of Evil...
[*] Analyzing Memory Image: base-dc-memory.md5...
[X] NO TARGET: Provide a target URL via -t or provide -m for memory extraction.
============================================================
 LOGIC GUARD ELITE: AGENTIC REASONING ENGINE
============================================================

[ANALYSIS] Reasoning: No target provided, but memory dump detected. Analyzing RAM for traces of Evil...
[*] Analyzing Memory Image: base-dc-memory.md5...
[X] NO TARGET: Provide a target URL via -t or provide -m for memory extraction.
============================================================
 LOGIC GUARD ELITE: AGENTIC REASONING ENGINE
============================================================

[ANALYSIS] Reasoning: No target provided, but memory dump detected. Analyzing RAM for traces of Evil...
[*] Analyzing Memory Image: base-dc-memory.img...
[+] Found API Endpoint in Memory: https://cdpcs.microsoft.com/api/v1
[+] Found API Endpoint in Memory: http://appmap.trafficmanager.net/api/v1/parse
[REASONING] SELF-CORRECTION: Successfully discovered API URL in memory: https://cdpcs.microsoft.com/api/v1
[*] Starting Discovery Scan on https://cdpcs.microsoft.com/api/v1...

[ANALYSIS] Reasoning: Initializing Passive Discovery Phase...
[*] Checking for exposed environment files at https://cdpcs.microsoft.com/api/v1...
[-] .env - 404 Not Found
[-] config.php - 404 Not Found

[REASONING] Reasoning: Analyzing Access Control for IDOR/Bypass...
[*] Attempting Logic Audit (Try 1)...
[!] SELF-CORRECTION: Detected missing token. Reasoning: Attempting guest bypass...
[*] Attempting Logic Audit (Try 2)...
[*] Auditing Business Logic for User ID: 100
[*] Testing IDOR on resource /101...
[*] Starting Stress Audit on https://cdpcs.microsoft.com/api/v1...
[!] Stealth mode enabled: Reducing concurrency.
[+] Stress Audit Complete: 0 requests processed.
============================================================
 LOGIC GUARD ELITE: AGENTIC REASONING ENGINE
============================================================

[ANALYSIS] Reasoning: No target provided, but memory dump detected. Analyzing RAM for traces of Evil...
[*] Analyzing Memory Image: base-mail-memory.img...
[+] Found API Endpoint in Memory: https://www.bing.com/api/v4/entities/custom/OrgLogo
[+] Found API Endpoint in Memory: https://www.bing.com/api/v6/entities/custom/OrgLogos
[+] Found API Endpoint in Memory: https://www.bingapis.com/api/v6/
[+] Found API Endpoint in Memory: https://www.bingapis.com/api/v6/Places/AutoSuggest/
[+] Found API Endpoint in Memory: https://cdpcs.microsoft.com/api/v1
[+] Found API Endpoint in Memory: https://www.bing.com/api/v6/events/search
[+] Found API Endpoint in Memory: https://www.bing.com/api/v6/userlocation/
[+] Found API Endpoint in Memory: https://www.bing.com/api/v6/events/catalog
[+] Found API Endpoint in Memory: https://www.bing.com/api/v6/events/catalog/recomm
[+] Found API Endpoint in Memory: https://www.bing.com/api/v6/events/catalog/recommendation
[+] Found API Endpoint in Memory: https://www.bing.com/api/v6/events
[+] Found API Endpoint in Memory: http://appmap.trafficmanager.net/api/v1/parse
[+] Found API Endpoint in Memory: https://digest.o365weve-gcc.com/api/v1/welcomeemail/template
[+] Found API Endpoint in Memory: https://digest.o365weve-gcc.com/api/v1/welcomeemail/data
[+] Found API Endpoint in Memory: https://digest.o365weve-dev.com/api/v1/welcomeemail/template
[+] Found API Endpoint in Memory: https://digest.o365weve-dev.com/api/v1/welcomeemail/data
[+] Found API Endpoint in Memory: https://digest.o365weve-ppe.com/api/v1/welcomeemail/template
[+] Found API Endpoint in Memory: https://digest.o365weve-ppe.com/api/v1/welcomeemail/data
[+] Found API Endpoint in Memory: https://digest.o365weve.com/api/v1/welcomeemail/template
[+] Found API Endpoint in Memory: https://digest.o365weve.com/api/v1/welcomeemail/data
[+] Found API Endpoint in Memory: https://digest.o365weve-gcc.com/api/v1/digestemail/template
[+] Found API Endpoint in Memory: https://digest.o365weve-gcc.com/api/v1/digestemail/data
[+] Found API Endpoint in Memory: https://digest.o365weve-dev.com/api/v1/digestemail/template
[+] Found API Endpoint in Memory: https://digest.o365weve-dev.com/api/v1/digestemail/data
[+] Found API Endpoint in Memory: https://digest.o365weve-ppe.com/api/v1/digestemail/template
[+] Found API Endpoint in Memory: https://digest.o365weve-ppe.com/api/v1/digestemail/data
[+] Found API Endpoint in Memory: https://digest.o365weve.com/api/v1/digestemail/template
[+] Found API Endpoint in Memory: https://digest.o365weve.com/api/v1/digestemail/data
[REASONING] SELF-CORRECTION: Successfully discovered API URL in memory: https://www.bing.com/api/v4/entities/custom/OrgLogo
[*] Starting Discovery Scan on https://www.bing.com/api/v4/entities/custom/OrgLogo...

[ANALYSIS] Reasoning: Initializing Passive Discovery Phase...
[*] Checking for exposed environment files at https://www.bing.com/api/v4/entities/custom/OrgLogo...
[-] .env - 404 Not Found
[-] config.php - 404 Not Found

[REASONING] Reasoning: Analyzing Access Control for IDOR/Bypass...
[*] Attempting Logic Audit (Try 1)...
[!] SELF-CORRECTION: Detected missing token. Reasoning: Attempting guest bypass...
[*] Attempting Logic Audit (Try 2)...
[*] Auditing Business Logic for User ID: 100
[*] Testing IDOR on resource /101...
[*] Starting Stress Audit on https://www.bing.com/api/v4/entities/custom/OrgLogo...
[!] Stealth mode enabled: Reducing concurrency.
[+] Stress Audit Complete: 10 requests processed.
============================================================
 LOGIC GUARD ELITE: AGENTIC REASONING ENGINE
============================================================

[ANALYSIS] Reasoning: No target provided, but memory dump detected. Analyzing RAM for traces of Evil...
[*] Analyzing Memory Image: base-wkstn-02-memory.img...
[+] Found API Endpoint in Memory: https://urlappmapping.sfp.microsoft.com/api/v1.0/urlappmappings/lookup
[+] Found API Endpoint in Memory: http://appmap.trafficmanager.net/api/v1/parse
[+] Found API Endpoint in Memory: https://input.mozilla.org/api/v1/feedback
[+] Found API Endpoint in Memory: https://cdpcs.microsoft.com/api/v1
[+] Found API Endpoint in Memory: https://register.cdpcs.microsoft.com/api/v1
[+] Found API Endpoint in Memory: https://www.bing.com/api/v2/local/search
[+] Found API Endpoint in Memory: https://www.bing.com/api/v2/local/
[REASONING] SELF-CORRECTION: Successfully discovered API URL in memory: https://urlappmapping.sfp.microsoft.com/api/v1.0/urlappmappings/lookup
[*] Starting Discovery Scan on https://urlappmapping.sfp.microsoft.com/api/v1.0/urlappmappings/lookup...

[ANALYSIS] Reasoning: Initializing Passive Discovery Phase...
[*] Checking for exposed environment files at https://urlappmapping.sfp.microsoft.com/api/v1.0/urlappmappings/lookup...
[-] .env - 404 Not Found
[-] config.php - 404 Not Found

[REASONING] Reasoning: Analyzing Access Control for IDOR/Bypass...
[*] Attempting Logic Audit (Try 1)...
[!] SELF-CORRECTION: Detected missing token. Reasoning: Attempting guest bypass...
[*] Attempting Logic Audit (Try 2)...
[*] Auditing Business Logic for User ID: 100
[*] Testing IDOR on resource /101...
[*] Starting Stress Audit on https://urlappmapping.sfp.microsoft.com/api/v1.0/urlappmappings/lookup...
[!] Stealth mode enabled: Reducing concurrency.
[+] Stress Audit Complete: 0 requests processed.
============================================================
 LOGIC GUARD ELITE: AGENTIC REASONING ENGINE
============================================================

[ANALYSIS] Reasoning: No target provided, but memory dump detected. Analyzing RAM for traces of Evil...
[*] Analyzing Memory Image: base-wkstn-01-mem.img...
[+] Found API Endpoint in Memory: https://cdpcs.microsoft.com/api/v1
[+] Found API Endpoint in Memory: https://register.cdpcs.microsoft.com/api/v1
[+] Found API Endpoint in Memory: https://www.bingapis.com/api/v7/urlpreview/search
[+] Found API Endpoint in Memory: http://appmap.trafficmanager.net/api/v1/parse
[+] Found API Endpoint in Memory: https://outlook.office365.com/api/v1.0/me/Activities
[+] Found API Endpoint in Memory: https://www.bing.com/api/v4/spelling/proof
[+] Found API Endpoint in Memory: https://urlappmapping.sfp.microsoft.com/api/v1.0/urlappmappings/lookup
[+] Found API Endpoint in Memory: https://loki.delve.office.com/api/v1/configuration/officewin32/
[REASONING] SELF-CORRECTION: Successfully discovered API URL in memory: https://cdpcs.microsoft.com/api/v1
[*] Starting Discovery Scan on https://cdpcs.microsoft.com/api/v1...

[ANALYSIS] Reasoning: Initializing Passive Discovery Phase...
[*] Checking for exposed environment files at https://cdpcs.microsoft.com/api/v1...
[-] .env - 404 Not Found
[-] config.php - 404 Not Found

[REASONING] Reasoning: Analyzing Access Control for IDOR/Bypass...
[*] Attempting Logic Audit (Try 1)...
[!] SELF-CORRECTION: Detected missing token. Reasoning: Attempting guest bypass...
[*] Attempting Logic Audit (Try 2)...
[*] Auditing Business Logic for User ID: 100
[*] Testing IDOR on resource /101...
[*] Starting Stress Audit on https://cdpcs.microsoft.com/api/v1...
[!] Stealth mode enabled: Reducing concurrency.
[+] Stress Audit Complete: 0 requests processed.
============================================================
 LOGIC GUARD ELITE: AGENTIC REASONING ENGINE
============================================================

[ANALYSIS] Reasoning: No target provided, but memory dump detected. Analyzing RAM for traces of Evil...
[*] Analyzing Memory Image: base-sp-memory.img...
[+] Found API Endpoint in Memory: https://chocolatey.org/api/v2/
[REASONING] SELF-CORRECTION: Successfully discovered API URL in memory: https://chocolatey.org/api/v2
[*] Starting Discovery Scan on https://chocolatey.org/api/v2...

[ANALYSIS] Reasoning: Initializing Passive Discovery Phase...
[*] Checking for exposed environment files at https://chocolatey.org/api/v2...
[-] .env - 404 Not Found
[-] config.php - 404 Not Found

[REASONING] Reasoning: Analyzing Access Control for IDOR/Bypass...
[*] Attempting Logic Audit (Try 1)...
[!] SELF-CORRECTION: Detected missing token. Reasoning: Attempting guest bypass...
[*] Attempting Logic Audit (Try 2)...
[*] Auditing Business Logic for User ID: 100
[*] Testing IDOR on resource /101...
[*] Starting Stress Audit on https://chocolatey.org/api/v2...
[!] Stealth mode enabled: Reducing concurrency.
[+] Stress Audit Complete: 10 requests processed.
============================================================
 LOGIC GUARD ELITE: AGENTIC REASONING ENGINE
============================================================

[ANALYSIS] Reasoning: No target provided, but memory dump detected. Analyzing RAM for traces of Evil...
[*] Analyzing Memory Image: base-wkstn-06-memory.img...
[+] Found API Endpoint in Memory: https://input.mozilla.org/api/v1/feedback
[REASONING] SELF-CORRECTION: Successfully discovered API URL in memory: https://input.mozilla.org/api/v1/feedback
[*] Starting Discovery Scan on https://input.mozilla.org/api/v1/feedback...
[!] FORBIDDEN: https://input.mozilla.org/api/v1/feedback/.env (403) - Potential protected asset.
[!] FORBIDDEN: https://input.mozilla.org/api/v1/feedback/config.php (403) - Potential protected asset.
[!] FORBIDDEN: https://input.mozilla.org/api/v1/feedback/api/v1/health (403) - Potential protected asset.
[!] FORBIDDEN: https://input.mozilla.org/api/v1/feedback/swagger.json (403) - Potential protected asset.
[!] FORBIDDEN: https://input.mozilla.org/api/v1/feedback/.git/config (403) - Potential protected asset.
[!] FORBIDDEN: https://input.mozilla.org/api/v1/feedback/actuator/env (403) - Potential protected asset.

[ANALYSIS] Reasoning: Initializing Passive Discovery Phase...
[*] Checking for exposed environment files at https://input.mozilla.org/api/v1/feedback...
[-] .env - 404 Not Found
[-] config.php - 404 Not Found

[REASONING] Reasoning: Analyzing Access Control for IDOR/Bypass...
[*] Attempting Logic Audit (Try 1)...
[!] SELF-CORRECTION: Detected missing token. Reasoning: Attempting guest bypass...
[*] Attempting Logic Audit (Try 2)...
[*] Auditing Business Logic for User ID: 100
[*] Testing IDOR on resource /101...
[*] Starting Stress Audit on https://input.mozilla.org/api/v1/feedback...
[!] Stealth mode enabled: Reducing concurrency.
[+] Stress Audit Complete: 10 requests processed.
[36m[*] ============================================================
[36m[*]  LOGIC GUARD ELITE: AGENTIC REASONING ENGINE
[36m[*] ============================================================
[X] Critical System Failure: name 'os' is not defined
[36m[*] ============================================================
[36m[*]  LOGIC GUARD ELITE: AGENTIC REASONING ENGINE
[36m[*] ============================================================
[36m[*] 🔍 STEP 0: Initiating Forensic Pivot from RAM: base-wkstn-06-memory.img

[ANALYSIS] Reasoning: No target provided, but memory dump detected. Analyzing RAM for traces of Evil...
[36m[*] Analyzing Memory Image: base-wkstn-06-memory.img...
[36m[*] Scanning binary blobs for JWT patterns and API endpoints...
[32m[+] Found API Endpoint: https://input.mozilla.org/api/v1/feedback
[REASONING] SELF-CORRECTION: Successfully discovered API URL in memory: https://input.mozilla.org/api/v1/feedback
[36m[*] 🌐 STEP 1: Discovering API Footprint and Hidden Assets...
[36m[*] Starting Discovery Scan on https://input.mozilla.org/api/v1/feedback...
[33m[!] FORBIDDEN: https://input.mozilla.org/api/v1/feedback/.env (403) - Potential protected asset.
[33m[!] FORBIDDEN: https://input.mozilla.org/api/v1/feedback/config.php (403) - Potential protected asset.
[33m[!] FORBIDDEN: https://input.mozilla.org/api/v1/feedback/api/v1/health (403) - Potential protected asset.
[33m[!] FORBIDDEN: https://input.mozilla.org/api/v1/feedback/swagger.json (403) - Potential protected asset.
[33m[!] FORBIDDEN: https://input.mozilla.org/api/v1/feedback/.git/config (403) - Potential protected asset.
[33m[!] FORBIDDEN: https://input.mozilla.org/api/v1/feedback/actuator/env (403) - Potential protected asset.
[36m[*] 🔐 STEP 2: Analyzing Session Tokens and Cryptographic Integrity...
[X] Critical System Failure: 'AgentOrchestrator' object has no attribute '_step_jwt_audit'
[36m[*] ============================================================
[36m[*]  LOGIC GUARD ELITE: AGENTIC REASONING ENGINE
[36m[*] ============================================================
[36m[*] 🔍 STEP 0: Initiating Forensic Pivot from RAM: base-wkstn-06-memory.img

[ANALYSIS] Reasoning: No target provided, but memory dump detected. Analyzing RAM for traces of Evil...
[36m[*] Analyzing Memory Image: base-wkstn-06-memory.img...
[36m[*] Scanning binary blobs for JWT patterns and API endpoints...
[32m[+] Found API Endpoint: https://input.mozilla.org/api/v1/feedback
[REASONING] SELF-CORRECTION: Successfully discovered API URL in memory: https://input.mozilla.org/api/v1/feedback
[36m[*] 🌐 STEP 1: Discovering API Footprint and Hidden Assets...
[36m[*] Starting Discovery Scan on https://input.mozilla.org/api/v1/feedback...
[33m[!] FORBIDDEN: https://input.mozilla.org/api/v1/feedback/.env (403) - Potential protected asset.
[33m[!] FORBIDDEN: https://input.mozilla.org/api/v1/feedback/config.php (403) - Potential protected asset.
[33m[!] FORBIDDEN: https://input.mozilla.org/api/v1/feedback/api/v1/health (403) - Potential protected asset.
[33m[!] FORBIDDEN: https://input.mozilla.org/api/v1/feedback/swagger.json (403) - Potential protected asset.
[33m[!] FORBIDDEN: https://input.mozilla.org/api/v1/feedback/.git/config (403) - Potential protected asset.
[36m[*] 🔐 STEP 2: Analyzing Session Tokens and Cryptographic Integrity...

[ANALYSIS] Reasoning: Initializing Passive Discovery Phase...
[*] Checking for exposed environment files at https://input.mozilla.org/api/v1/feedback...
[-] .env - 404 Not Found
[-] config.php - 404 Not Found
[36m[*] 🧠 STEP 3: Executing Agentic Logic Audit (IDOR/Bypass Checks)...

[REASONING] Reasoning: Analyzing Access Control for IDOR/Bypass...
[*] Attempting Logic Audit (Try 1)...
[!] SELF-CORRECTION: Detected missing token. Reasoning: Attempting guest bypass...
[*] Attempting Logic Audit (Try 2)...
[36m[*] Auditing Business Logic for User ID: 100
[36m[*] Testing IDOR on resource: https://input.mozilla.org/api/v1/feedback/api/v1/user/101...
[32m[+] VULNERABILITY FOUND: Insecure Direct Object Reference (IDOR)
[32m[+]   [>] Resource: /api/v1/user/101
[32m[+]   [>] Status: 200 OK (Data Leakage Detected)
[32m[+]   [>] Content: Leakage of private user profile data for ID 101
[36m[*] ⚡ STEP 4: Stress Testing Concurrent Execution Limits...
[36m[*] Starting Stress Audit on https://input.mozilla.org/api/v1/feedback...
[33m[!] Stealth mode enabled: Reducing concurrency limit to 10.
[36m[*] Simulating high-concurrency burst of 10 requests...
[32m[+] Stress Audit Complete: 10 requests successfully processed without 429 restriction.
[36m[*] ============================================================
[36m[*]  LOGIC GUARD ELITE: AGENTIC REASONING ENGINE
[36m[*] ============================================================
[36m[*] 🔍 STEP 0: Initiating Forensic Pivot from RAM: base-wkstn-06-memory.img

[ANALYSIS] Reasoning: No target provided, but memory dump detected. Analyzing RAM for traces of Evil...
[36m[*] Analyzing Memory Image: base-wkstn-06-memory.img...
[36m[*] Scanning binary blobs for JWT patterns and API endpoints...
[32m[+] Found API Endpoint: https://input.mozilla.org/api/v1/feedback
[REASONING] SELF-CORRECTION: Successfully discovered API URL in memory: https://input.mozilla.org/api/v1/feedback
[36m[*] 🌐 STEP 1: Discovering API Footprint and Hidden Assets...
[36m[*] Starting Discovery Scan on https://input.mozilla.org/api/v1/feedback...
[33m[!] FORBIDDEN: https://input.mozilla.org/api/v1/feedback/.env (403) - Potential protected asset.
[33m[!] FORBIDDEN: https://input.mozilla.org/api/v1/feedback/config.php (403) - Potential protected asset.
[33m[!] FORBIDDEN: https://input.mozilla.org/api/v1/feedback/api/v1/health (403) - Potential protected asset.
[33m[!] FORBIDDEN: https://input.mozilla.org/api/v1/feedback/swagger.json (403) - Potential protected asset.
[33m[!] FORBIDDEN: https://input.mozilla.org/api/v1/feedback/.git/config (403) - Potential protected asset.
[33m[!] FORBIDDEN: https://input.mozilla.org/api/v1/feedback/actuator/env (403) - Potential protected asset.
[36m[*] 🔐 STEP 2: Analyzing Session Tokens and Cryptographic Integrity...

[ANALYSIS] Reasoning: Initializing Passive Discovery Phase...
[*] Checking for exposed environment files at https://input.mozilla.org/api/v1/feedback...
[-] .env - 404 Not Found
[-] config.php - 404 Not Found
[36m[*] 🧠 STEP 3: Executing Agentic Logic Audit (IDOR/Bypass Checks)...

[REASONING] Reasoning: Analyzing Access Control for IDOR/Bypass...
[*] Attempting Logic Audit (Try 1)...
[!] SELF-CORRECTION: Detected missing token. Reasoning: Attempting guest bypass...
[*] Attempting Logic Audit (Try 2)...
[36m[*] Auditing Business Logic for User ID: 100
[36m[*] Testing IDOR on resource: https://input.mozilla.org/api/v1/feedback/api/v1/user/101...
[32m[+] VULNERABILITY FOUND: Insecure Direct Object Reference (IDOR)
[32m[+]   [>] Resource: /api/v1/user/101
[32m[+]   [>] Status: 200 OK (Data Leakage Detected)
[32m[+]   [>] Content: Leakage of private user profile data for ID 101
[36m[*] ⚡ STEP 4: Stress Testing Concurrent Execution Limits...
[36m[*] Starting Stress Audit on https://input.mozilla.org/api/v1/feedback...
[33m[!] Stealth mode enabled: Reducing concurrency limit to 10.
[36m[*] Simulating high-concurrency burst of 10 requests...
[32m[+] Stress Audit Complete: 10 requests successfully processed without 429 restriction.
[36m[*] ============================================================
[36m[*]  LOGIC GUARD ELITE: AGENTIC REASONING ENGINE
[36m[*] ============================================================
[36m[*] 🔍 STEP 0: Initiating Forensic Pivot from RAM: base-wkstn-06-memory.img

[ANALYSIS] Reasoning: No target provided, but memory dump detected. Analyzing RAM for traces of Evil...
[36m[*] Analyzing Memory Image: base-wkstn-06-memory.img...
[36m[*] Scanning binary blobs for JWT patterns and API endpoints...
[32m[+] Found API Endpoint: https://input.mozilla.org/api/v1/feedback
[REASONING] SELF-CORRECTION: Successfully discovered API URL in memory: https://input.mozilla.org/api/v1/feedback
[36m[*] 🌐 STEP 1: Discovering API Footprint and Hidden Assets...
[36m[*] Starting Discovery Scan on https://input.mozilla.org/api/v1/feedback...
[33m[!] FORBIDDEN: https://input.mozilla.org/api/v1/feedback/.env (403) - Potential protected asset.
[33m[!] FORBIDDEN: https://input.mozilla.org/api/v1/feedback/config.php (403) - Potential protected asset.
[33m[!] FORBIDDEN: https://input.mozilla.org/api/v1/feedback/api/v1/health (403) - Potential protected asset.
[33m[!] FORBIDDEN: https://input.mozilla.org/api/v1/feedback/swagger.json (403) - Potential protected asset.
[33m[!] FORBIDDEN: https://input.mozilla.org/api/v1/feedback/.git/config (403) - Potential protected asset.
[33m[!] FORBIDDEN: https://input.mozilla.org/api/v1/feedback/actuator/env (403) - Potential protected asset.
[36m[*] 🔐 STEP 2: Analyzing Session Tokens and Cryptographic Integrity...

[ANALYSIS] Reasoning: Initializing Passive Discovery Phase...
[*] Checking for exposed environment files at https://input.mozilla.org/api/v1/feedback...
[-] .env - 404 Not Found
[-] config.php - 404 Not Found
[36m[*] 🧠 STEP 3: Executing Agentic Logic Audit (IDOR/Bypass Checks)...

[REASONING] Reasoning: Analyzing Access Control for IDOR/Bypass...
[*] Attempting Logic Audit (Try 1)...
[!] SELF-CORRECTION: Detected missing token. Reasoning: Attempting guest bypass...
[*] Attempting Logic Audit (Try 2)...
[36m[*] Auditing Business Logic for User ID: 100
[36m[*] Testing IDOR on resource: https://input.mozilla.org/api/v1/feedback/api/v1/user/101...
[32m[+] VULNERABILITY FOUND: Insecure Direct Object Reference (IDOR)
[32m[+]   [>] Resource: /api/v1/user/101
[32m[+]   [>] Status: 200 OK (Data Leakage Detected)
[32m[+]   [>] Content: Leakage of private user profile data for ID 101
[36m[*] ⚡ STEP 4: Stress Testing Concurrent Execution Limits...
[36m[*] Starting Stress Audit on https://input.mozilla.org/api/v1/feedback...
[33m[!] Stealth mode enabled: Reducing concurrency limit to 10.
[36m[*] Simulating high-concurrency burst of 10 requests...
[32m[+] Stress Audit Complete: 10 requests successfully processed without 429 restriction.
[36m[*] ============================================================
[36m[*]  LOGIC GUARD ELITE: AGENTIC REASONING ENGINE
[36m[*] ============================================================
[36m[*] 🔍 STEP 0: Initiating Forensic Pivot from RAM: base-wkstn-06-memory.img

[ANALYSIS] Reasoning: No target provided, but memory dump detected. Analyzing RAM for traces of Evil...
[36m[*] Analyzing Memory Image: base-wkstn-06-memory.img...
[36m[*] Scanning binary blobs for JWT patterns and API endpoints...
[32m[+] Found API Endpoint: https://input.mozilla.org/api/v1/feedback
[REASONING] SELF-CORRECTION: Successfully discovered API URL in memory: https://input.mozilla.org/api/v1/feedback
[36m[*] 🌐 STEP 1: Discovering API Footprint and Hidden Assets...
[36m[*] Starting Discovery Scan on https://input.mozilla.org/api/v1/feedback...
[33m[!] FORBIDDEN: https://input.mozilla.org/api/v1/feedback/.env (403) - Potential protected asset.
[33m[!] FORBIDDEN: https://input.mozilla.org/api/v1/feedback/config.php (403) - Potential protected asset.
[33m[!] FORBIDDEN: https://input.mozilla.org/api/v1/feedback/api/v1/health (403) - Potential protected asset.
[33m[!] FORBIDDEN: https://input.mozilla.org/api/v1/feedback/swagger.json (403) - Potential protected asset.
[33m[!] FORBIDDEN: https://input.mozilla.org/api/v1/feedback/.git/config (403) - Potential protected asset.
[33m[!] FORBIDDEN: https://input.mozilla.org/api/v1/feedback/actuator/env (403) - Potential protected asset.
[36m[*] 🔐 STEP 2: Analyzing Session Tokens and Cryptographic Integrity...

[ANALYSIS] Reasoning: Initializing Passive Discovery Phase...
[*] Checking for exposed environment files at https://input.mozilla.org/api/v1/feedback...
[-] .env - 404 Not Found
[-] config.php - 404 Not Found
[36m[*] 🧠 STEP 3: Executing Agentic Logic Audit (IDOR/Bypass Checks)...

[REASONING] Reasoning: Analyzing Access Control for IDOR/Bypass...
[*] Attempting Logic Audit (Try 1)...
[!] SELF-CORRECTION: Detected missing token. Reasoning: Attempting guest bypass...
[*] Attempting Logic Audit (Try 2)...
[36m[*] Auditing Business Logic for User ID: 100
[36m[*] Testing IDOR on resource: https://input.mozilla.org/api/v1/feedback/api/v1/user/101...
[32m[+] VULNERABILITY FOUND: Insecure Direct Object Reference (IDOR)
[32m[+]   [>] Resource: /api/v1/user/101
[32m[+]   [>] Status: 200 OK (Data Leakage Detected)
[32m[+]   [>] Content: Leakage of private user profile data for ID 101
[36m[*] ⚡ STEP 4: Stress Testing Concurrent Execution Limits...
[36m[*] Starting Stress Audit on https://input.mozilla.org/api/v1/feedback...
[33m[!] Stealth mode enabled: Reducing concurrency limit to 10.
[36m[*] Simulating high-concurrency burst of 10 requests...
[32m[+] Stress Audit Complete: 10 requests successfully processed without 429 restriction.
[36m[*] ============================================================
[36m[*]  LOGIC GUARD ELITE: AGENTIC REASONING ENGINE
[36m[*] ============================================================
[36m[*] 🔍 STEP 0: Initiating Forensic Pivot from RAM: eyJmdWxsU3RyaW5nIjoiPGJ1dHRvbiBkYXRhLXYtNWFmYzc1OGE9XCJcIiBjbGFzcz1cInB4LTYgcHktMiBiZy1iYXNlLXByaW1hcnkgdGV4dC1iYXNlLXByaW1hcnktZm9yZWdyb3VuZCByb3VuZGVkLWxnIGhvdmVyOm9wYWNpdHktODBcIj5Db25maXJtPC9idXR0b24+IiwidGFnTmFtZSI6ImJ1dHRvbiIsImlkIjoiIiwiY2xhc3NlcyI6InB4LTYgcHktMiBiZy1iYXNlLXByaW1hcnkgdGV4dC1iYXNlLXByaW1hcnktZm9yZWdyb3VuZCByb3VuZGVkLWxnIGhvdmVyOm9wYWNpdHktODAiLCJhdHRyaWJ1dGVzIjp7ImRhdGEtdi01YWZjNzU4YSI6IiIsImNsYXNzIjoicHgtNiBweS0yIGJnLWJhc2UtcHJpbWFyeSB0ZXh0LWJhc2UtcHJpbWFyeS1mb3JlZ3JvdW5kIHJvdW5kZWQtbGcgaG92ZXI6b3BhY2l0eS04MCJ9LCJjb250ZW50IjoiQ29uZmlybSIsInZhbHVlIjoiIiwicG9zaXRpb24iOnsieCI6ODMwLjUsInkiOjMyNy41LCJ3aWR0aCI6MTA3Ljk4MzMzNzQwMjM0Mzc1LCJoZWlnaHQiOjQyfX0=

[ANALYSIS] Reasoning: No target provided, but memory dump detected. Analyzing RAM for traces of Evil...
[X] Memory file not found: eyJmdWxsU3RyaW5nIjoiPGJ1dHRvbiBkYXRhLXYtNWFmYzc1OGE9XCJcIiBjbGFzcz1cInB4LTYgcHktMiBiZy1iYXNlLXByaW1hcnkgdGV4dC1iYXNlLXByaW1hcnktZm9yZWdyb3VuZCByb3VuZGVkLWxnIGhvdmVyOm9wYWNpdHktODBcIj5Db25maXJtPC9idXR0b24+IiwidGFnTmFtZSI6ImJ1dHRvbiIsImlkIjoiIiwiY2xhc3NlcyI6InB4LTYgcHktMiBiZy1iYXNlLXByaW1hcnkgdGV4dC1iYXNlLXByaW1hcnktZm9yZWdyb3VuZCByb3VuZGVkLWxnIGhvdmVyOm9wYWNpdHktODAiLCJhdHRyaWJ1dGVzIjp7ImRhdGEtdi01YWZjNzU4YSI6IiIsImNsYXNzIjoicHgtNiBweS0yIGJnLWJhc2UtcHJpbWFyeSB0ZXh0LWJhc2UtcHJpbWFyeS1mb3JlZ3JvdW5kIHJvdW5kZWQtbGcgaG92ZXI6b3BhY2l0eS04MCJ9LCJjb250ZW50IjoiQ29uZmlybSIsInZhbHVlIjoiIiwicG9zaXRpb24iOnsieCI6ODMwLjUsInkiOjMyNy41LCJ3aWR0aCI6MTA3Ljk4MzMzNzQwMjM0Mzc1LCJoZWlnaHQiOjQyfX0=
[X] NO TARGET: Provide a target URL via -t or provide -m for memory extraction.
[36m[*] ============================================================
[36m[*]  LOGIC GUARD ELITE: AGENTIC REASONING ENGINE
[36m[*] ============================================================
[33m[!] ⚠️  Skipping Step 0: No Memory Artifact provided. Using manual input targets.
[36m[*] 🌐 STEP 1: Discovering API Footprint and Hidden Assets...
[36m[*] Starting Discovery Scan on https://your-target-api.com...
[36m[*] 🔐 STEP 2: Analyzing Session Tokens and Cryptographic Integrity...

[ANALYSIS] Reasoning: Initializing Passive Discovery Phase...
[*] Checking for exposed environment files at https://your-target-api.com...
[-] .env - 404 Not Found
[-] config.php - 404 Not Found
[36m[*] 🧠 STEP 3: Executing Agentic Logic Audit (IDOR/Bypass Checks)...

[REASONING] Reasoning: Analyzing Access Control for IDOR/Bypass...
[*] Attempting Logic Audit (Try 1)...
[!] SELF-CORRECTION: Detected missing token. Reasoning: Attempting guest bypass...
[*] Attempting Logic Audit (Try 2)...
[36m[*] Auditing Business Logic for User ID: 100
[36m[*] Testing IDOR on resource: https://your-target-api.com/api/v1/user/101...
[32m[+] VULNERABILITY FOUND: Insecure Direct Object Reference (IDOR)
[32m[+]   [>] Resource: /api/v1/user/101
[32m[+]   [>] Status: 200 OK (Data Leakage Detected)
[32m[+]   [>] Content: Leakage of private user profile data for ID 101
[36m[*] ⚡ STEP 4: Stress Testing Concurrent Execution Limits...
[36m[*] Starting Stress Audit on https://your-target-api.com...
[36m[*] Simulating high-concurrency burst of 50 requests...
[32m[+] Stress Audit Complete: 0 requests successfully processed without 429 restriction.
[36m[*] ============================================================
[36m[*]  LOGIC GUARD ELITE: AGENTIC REASONING ENGINE
[36m[*] ============================================================
[33m[!] ⚠️  Skipping Step 0: No Memory Artifact provided. Using manual input targets.
[36m[*] 🌐 STEP 1: Discovering API Footprint and Hidden Assets...
[36m[*] Starting Discovery Scan on https://api.chanced.com...
[33m[!] FORBIDDEN: https://api.chanced.com/.env (403) - Potential protected asset.
[33m[!] FORBIDDEN: https://api.chanced.com/config.php (403) - Potential protected asset.
[33m[!] FORBIDDEN: https://api.chanced.com/api/v1/health (403) - Potential protected asset.
[33m[!] FORBIDDEN: https://api.chanced.com/swagger.json (403) - Potential protected asset.
[33m[!] FORBIDDEN: https://api.chanced.com/.git/config (403) - Potential protected asset.
[33m[!] FORBIDDEN: https://api.chanced.com/actuator/env (403) - Potential protected asset.
[36m[*] 🔐 STEP 2: Analyzing Session Tokens and Cryptographic Integrity...

[ANALYSIS] Reasoning: Initializing Passive Discovery Phase...
[*] Checking for exposed environment files at https://api.chanced.com...
[-] .env - 404 Not Found
[-] config.php - 404 Not Found
[36m[*] 🧠 STEP 3: Executing Agentic Logic Audit (IDOR/Bypass Checks)...

[REASONING] Reasoning: Analyzing Access Control for IDOR/Bypass...
[*] Attempting Logic Audit (Try 1)...
[!] SELF-CORRECTION: Detected missing token. Reasoning: Attempting guest bypass...
[*] Attempting Logic Audit (Try 2)...
[36m[*] Auditing Business Logic for User ID: 100
[36m[*] Testing IDOR on resource: https://api.chanced.com/api/v1/user/101...
[32m[+] VULNERABILITY FOUND: Insecure Direct Object Reference (IDOR)
[32m[+]   [>] Resource: /api/v1/user/101
[32m[+]   [>] Status: 200 OK (Data Leakage Detected)
[32m[+]   [>] Content: Leakage of private user profile data for ID 101
[36m[*] ⚡ STEP 4: Stress Testing Concurrent Execution Limits...
[36m[*] Starting Stress Audit on https://api.chanced.com...
[36m[*] Simulating high-concurrency burst of 50 requests...
[32m[+] Stress Audit Complete: 50 requests successfully processed without 429 restriction.
[36m[*] ============================================================
[36m[*]  LOGIC GUARD ELITE: AGENTIC REASONING ENGINE
[36m[*] ============================================================
[33m[!] ⚠️  Skipping Step 0: No Memory Artifact provided. Using manual input targets.
[36m[*] 🌐 STEP 1: Discovering API Footprint and Hidden Assets...
[36m[*] Starting Discovery Scan on https://api.chanced.com...
[33m[!] FORBIDDEN: https://api.chanced.com/.env (403) - Potential protected asset.
[33m[!] FORBIDDEN: https://api.chanced.com/config.php (403) - Potential protected asset.
[33m[!] FORBIDDEN: https://api.chanced.com/api/v1/health (403) - Potential protected asset.
[33m[!] FORBIDDEN: https://api.chanced.com/swagger.json (403) - Potential protected asset.
[33m[!] FORBIDDEN: https://api.chanced.com/.git/config (403) - Potential protected asset.
[33m[!] FORBIDDEN: https://api.chanced.com/actuator/env (403) - Potential protected asset.
[36m[*] 🔐 STEP 2: Analyzing Session Tokens and Cryptographic Integrity...

[ANALYSIS] Reasoning: Initializing Passive Discovery Phase...
[*] Checking for exposed environment files at https://api.chanced.com...
[-] .env - 404 Not Found
[-] config.php - 404 Not Found
[36m[*] 🧠 STEP 3: Executing Agentic Logic Audit (IDOR/Bypass Checks)...

[REASONING] Reasoning: Analyzing Access Control for IDOR/Bypass...
[*] Attempting Logic Audit (Try 1)...
[!] SELF-CORRECTION: Detected missing token. Reasoning: Attempting guest bypass...
[*] Attempting Logic Audit (Try 2)...
[36m[*] Auditing Business Logic for User ID: 100
[36m[*] Testing IDOR on resource: https://api.chanced.com/api/v1/user/101...
[32m[+] VULNERABILITY FOUND: Insecure Direct Object Reference (IDOR)
[32m[+]   [>] Resource: /api/v1/user/101
[32m[+]   [>] Status: 200 OK (Data Leakage Detected)
[32m[+]   [>] Content: Leakage of private user profile data for ID 101
[36m[*] ⚡ STEP 4: Stress Testing Concurrent Execution Limits...
[36m[*] Starting Stress Audit on https://api.chanced.com...
[33m[!] Stealth mode enabled: Reducing concurrency limit to 10.
[36m[*] Simulating high-concurrency burst of 10 requests...
[32m[+] Stress Audit Complete: 10 requests successfully processed without 429 restriction.
[36m[*] ============================================================
[36m[*]  LOGIC GUARD ELITE: AGENTIC REASONING ENGINE
[36m[*] ============================================================
[33m[!] ⚠️  Skipping Step 0: No Memory Artifact provided. Using manual input targets.
[36m[*] 🌐 STEP 1: Discovering API Footprint and Hidden Assets...
[36m[*] Starting Discovery Scan on https://chanced.api.com...
[36m[*] 🔐 STEP 2: Analyzing Session Tokens and Cryptographic Integrity...

[ANALYSIS] Reasoning: Initializing Passive Discovery Phase...
[*] Checking for exposed environment files at https://chanced.api.com...
[-] .env - 404 Not Found
[-] config.php - 404 Not Found
[36m[*] 🧠 STEP 3: Executing Agentic Logic Audit (IDOR/Bypass Checks)...

[REASONING] Reasoning: Analyzing Access Control for IDOR/Bypass...
[*] Attempting Logic Audit (Try 1)...
[!] SELF-CORRECTION: Detected missing token. Reasoning: Attempting guest bypass...
[*] Attempting Logic Audit (Try 2)...
[36m[*] Auditing Business Logic for User ID: 100
[36m[*] Testing IDOR on resource: https://chanced.api.com/api/v1/user/101...
[32m[+] VULNERABILITY FOUND: Insecure Direct Object Reference (IDOR)
[32m[+]   [>] Resource: /api/v1/user/101
[32m[+]   [>] Status: 200 OK (Data Leakage Detected)
[32m[+]   [>] Content: Leakage of private user profile data for ID 101
[36m[*] ⚡ STEP 4: Stress Testing Concurrent Execution Limits...
[36m[*] Starting Stress Audit on https://chanced.api.com...
[33m[!] Stealth mode enabled: Reducing concurrency limit to 10.
[36m[*] Simulating high-concurrency burst of 10 requests...
[32m[+] Stress Audit Complete: 0 requests successfully processed without 429 restriction.
[36m[*] ============================================================
[36m[*]  LOGIC GUARD ELITE: AGENTIC REASONING ENGINE
[36m[*] ============================================================
[33m[!] ⚠️  Skipping Step 0: No Memory Artifact provided. Using manual input targets.
[36m[*] 🌐 STEP 1: Discovering API Footprint and Hidden Assets...
[36m[*] Starting Discovery Scan on https://chanced.com/api...
[33m[!] FORBIDDEN: https://chanced.com/api/.env (403) - Potential protected asset.
[33m[!] FORBIDDEN: https://chanced.com/api/config.php (403) - Potential protected asset.
[33m[!] FORBIDDEN: https://chanced.com/api/api/v1/health (403) - Potential protected asset.
[33m[!] FORBIDDEN: https://chanced.com/api/swagger.json (403) - Potential protected asset.
[33m[!] FORBIDDEN: https://chanced.com/api/.git/config (403) - Potential protected asset.
[33m[!] FORBIDDEN: https://chanced.com/api/actuator/env (403) - Potential protected asset.
[36m[*] 🔐 STEP 2: Analyzing Session Tokens and Cryptographic Integrity...

[ANALYSIS] Reasoning: Initializing Passive Discovery Phase...
[*] Checking for exposed environment files at https://chanced.com/api...
[-] .env - 404 Not Found
[-] config.php - 404 Not Found
[36m[*] 🧠 STEP 3: Executing Agentic Logic Audit (IDOR/Bypass Checks)...

[REASONING] Reasoning: Analyzing Access Control for IDOR/Bypass...
[*] Attempting Logic Audit (Try 1)...
[!] SELF-CORRECTION: Detected missing token. Reasoning: Attempting guest bypass...
[*] Attempting Logic Audit (Try 2)...
[36m[*] Auditing Business Logic for User ID: 100
[36m[*] Testing IDOR on resource: https://chanced.com/api/api/v1/user/101...
[32m[+] VULNERABILITY FOUND: Insecure Direct Object Reference (IDOR)
[32m[+]   [>] Resource: /api/v1/user/101
[32m[+]   [>] Status: 200 OK (Data Leakage Detected)
[32m[+]   [>] Content: Leakage of private user profile data for ID 101
[36m[*] ⚡ STEP 4: Stress Testing Concurrent Execution Limits...
[36m[*] Starting Stress Audit on https://chanced.com/api...
[33m[!] Stealth mode enabled: Reducing concurrency limit to 10.
[36m[*] Simulating high-concurrency burst of 10 requests...
[32m[+] Stress Audit Complete: 10 requests successfully processed without 429 restriction.
[36m[*] ============================================================
[36m[*]  LOGIC GUARD ELITE: AGENTIC REASONING ENGINE
[36m[*] ============================================================
[33m[!] ⚠️  Skipping Step 0: No Memory Artifact provided. Using manual input targets.
[36m[*] 🌐 STEP 1: Discovering API Footprint and Hidden Assets...
[36m[*] Starting Discovery Scan on http://127.0.0.1:5000/api/v1/user/100...
[36m[*] 🔐 STEP 2: Analyzing Session Tokens and Cryptographic Integrity...

[ANALYSIS] Reasoning: Initializing Passive Discovery Phase...
[*] Checking for exposed environment files at http://127.0.0.1:5000/api/v1/user/100...
[-] .env - 404 Not Found
[-] config.php - 404 Not Found
[36m[*] 🧠 STEP 3: Executing Agentic Logic Audit (IDOR/Bypass Checks)...

[REASONING] Reasoning: Analyzing Access Control for IDOR/Bypass...
[*] Attempting Logic Audit (Try 1)...
[!] SELF-CORRECTION: Detected missing token. Reasoning: Attempting guest bypass...
[*] Attempting Logic Audit (Try 2)...
[36m[*] Auditing Business Logic for User ID: 100
[36m[*] Testing IDOR on resource: http://127.0.0.1:5000/api/v1/user/100/api/v1/user/101...
[32m[+] VULNERABILITY FOUND: Insecure Direct Object Reference (IDOR)
[32m[+]   [>] Resource: /api/v1/user/101
[32m[+]   [>] Status: 200 OK (Data Leakage Detected)
[32m[+]   [>] Content: Leakage of private user profile data for ID 101
[36m[*] ⚡ STEP 4: Stress Testing Concurrent Execution Limits...
[36m[*] Starting Stress Audit on http://127.0.0.1:5000/api/v1/user/100...
[33m[!] Stealth mode enabled: Reducing concurrency limit to 10.
[36m[*] Simulating high-concurrency burst of 10 requests...
[32m[+] Stress Audit Complete: 0 requests successfully processed without 429 restriction.
